#! /usr/local/iverilog/bin/vvp
:ivl_version "11.0 (devel)" "(s20150603-642-g3bdb50da)";
:ivl_delay_selection "TYPICAL";
:vpi_time_precision - 1;
:vpi_module "system";
:vpi_module "vhdl_sys";
:vpi_module "vhdl_textio";
:vpi_module "v2005_math";
:vpi_module "va_math";
S_0000000000876d60 .scope module, "and2_tb" "and2_tb" 2 5;
 .timescale 0 -1;
v00000000008427a0_0 .var "a", 0 0;
v0000000000842840_0 .var "b", 0 0;
v00000000011fc800_0 .net "y", 0 0, L_00000000008764c0;  1 drivers
S_00000000008424d0 .scope module, "iand2" "and2" 2 10, 3 2 0, S_0000000000876d60;
 .timescale 0 -1;
    .port_info 0 /INPUT 1 "a";
    .port_info 1 /INPUT 1 "b";
    .port_info 2 /OUTPUT 1 "y";
L_00000000008764c0 .functor AND 1, v00000000008427a0_0, v0000000000842840_0, C4<1>, C4<1>;
v0000000000876ef0_0 .net "a", 0 0, v00000000008427a0_0;  1 drivers
v0000000000842660_0 .net "b", 0 0, v0000000000842840_0;  1 drivers
v0000000000842700_0 .net "y", 0 0, L_00000000008764c0;  alias, 1 drivers
    .scope S_0000000000876d60;
T_0 ;
    %vpi_call 2 14 "$monitor", "a=%b, b=%b, y=%b", v00000000008427a0_0, v0000000000842840_0, v00000000011fc800_0 {0 0 0};
    %vpi_call 2 15 "$dumpfile", "and2.vcd" {0 0 0};
    %vpi_call 2 16 "$dumpvars", 32'sb00000000000000000000000000000000, S_0000000000876d60 {0 0 0};
    %pushi/vec4 0, 0, 1;
    %store/vec4 v00000000008427a0_0, 0, 1;
    %pushi/vec4 0, 0, 1;
    %store/vec4 v0000000000842840_0, 0, 1;
    %delay 100, 0;
    %pushi/vec4 0, 0, 1;
    %store/vec4 v00000000008427a0_0, 0, 1;
    %pushi/vec4 1, 0, 1;
    %store/vec4 v0000000000842840_0, 0, 1;
    %delay 100, 0;
    %pushi/vec4 1, 0, 1;
    %store/vec4 v00000000008427a0_0, 0, 1;
    %pushi/vec4 0, 0, 1;
    %store/vec4 v0000000000842840_0, 0, 1;
    %delay 100, 0;
    %pushi/vec4 1, 0, 1;
    %store/vec4 v00000000008427a0_0, 0, 1;
    %pushi/vec4 1, 0, 1;
    %store/vec4 v0000000000842840_0, 0, 1;
    %delay 100, 0;
    %vpi_call 2 21 "$finish" {0 0 0};
    %end;
    .thread T_0;
# The file index is used to find the file name in the following table.
:file_names 4;
    "N/A";
    "<interactive>";
    "and2_tb.v";
    "./and2.v";
