#! /usr/local/iverilog/bin/vvp
:ivl_version "11.0 (devel)" "(s20150603-642-g3bdb50da)";
:ivl_delay_selection "TYPICAL";
:vpi_time_precision - 1;
:vpi_module "system";
:vpi_module "vhdl_sys";
:vpi_module "vhdl_textio";
:vpi_module "v2005_math";
:vpi_module "va_math";
S_0000000001026d40 .scope module, "or2_tb" "or2_tb" 2 5;
 .timescale 0 -1;
v0000000000fd72a0_0 .var "a", 0 0;
v0000000000fd7340_0 .var "b", 0 0;
v0000000000fdcc10_0 .net "y", 0 0, L_00000000010268d0;  1 drivers
S_0000000000fd6fd0 .scope module, "ior2" "or2" 2 10, 3 2 0, S_0000000001026d40;
 .timescale 0 -1;
    .port_info 0 /INPUT 1 "a";
    .port_info 1 /INPUT 1 "b";
    .port_info 2 /OUTPUT 1 "y";
L_00000000010268d0 .functor OR 1, v0000000000fd72a0_0, v0000000000fd7340_0, C4<0>, C4<0>;
v0000000001026ed0_0 .net "a", 0 0, v0000000000fd72a0_0;  1 drivers
v0000000000fd7160_0 .net "b", 0 0, v0000000000fd7340_0;  1 drivers
v0000000000fd7200_0 .net "y", 0 0, L_00000000010268d0;  alias, 1 drivers
    .scope S_0000000001026d40;
T_0 ;
    %vpi_call 2 14 "$monitor", "a=%b, b=%b, y=%b", v0000000000fd72a0_0, v0000000000fd7340_0, v0000000000fdcc10_0 {0 0 0};
    %vpi_call 2 15 "$dumpfile", "or2.vcd" {0 0 0};
    %vpi_call 2 16 "$dumpvars", 32'sb00000000000000000000000000000000, S_0000000001026d40 {0 0 0};
    %pushi/vec4 0, 0, 1;
    %store/vec4 v0000000000fd72a0_0, 0, 1;
    %pushi/vec4 0, 0, 1;
    %store/vec4 v0000000000fd7340_0, 0, 1;
    %delay 50, 0;
    %pushi/vec4 0, 0, 1;
    %store/vec4 v0000000000fd72a0_0, 0, 1;
    %pushi/vec4 1, 0, 1;
    %store/vec4 v0000000000fd7340_0, 0, 1;
    %delay 100, 0;
    %pushi/vec4 1, 0, 1;
    %store/vec4 v0000000000fd72a0_0, 0, 1;
    %pushi/vec4 0, 0, 1;
    %store/vec4 v0000000000fd7340_0, 0, 1;
    %delay 50, 0;
    %pushi/vec4 1, 0, 1;
    %store/vec4 v0000000000fd72a0_0, 0, 1;
    %pushi/vec4 1, 0, 1;
    %store/vec4 v0000000000fd7340_0, 0, 1;
    %delay 100, 0;
    %vpi_call 2 21 "$finish" {0 0 0};
    %end;
    .thread T_0;
# The file index is used to find the file name in the following table.
:file_names 4;
    "N/A";
    "<interactive>";
    "or2_tb.v";
    "./or2.v";
